# JRE version: OpenJDK Runtime Environment Corretto-17.0.9.8.1 (17.0.9+8) (build 17.0.9+8-LTS)
# Java VM: OpenJDK 64-Bit Server VM Corretto-17.0.9.8.1 (17.0.9+8-LTS, mixed mode, sharing, tiered, compressed oops, compressed class ptrs, g1 gc, windows-amd64)
GC Precious Log:
 CPUs: 12 total, 12 available
 Memory: 15741M
 Large Page Support: Disabled
 NUMA Support: Disabled
 Compressed Oops: Enabled (Zero based)
 Heap Region Size: 2M
 Heap Min Capacity: 8M
 Heap Initial Capacity: 246M
 Heap Max Capacity: 3936M
 Pre-touch: Disabled
 Parallel Workers: 10
 Concurrent Workers: 3
 Concurrent Refinement Workers: 10
 Periodic GC: Disabled
Heap:
 garbage-first heap   total 28672K, used 11969K [0x000000070a000000, 0x0000000800000000)
  region size 2048K, 5 young (10240K), 1 survivors (2048K)
 Metaspace       used 26207K, committed 26432K, reserved 1114112K
  class space    used 2567K, committed 2624K, reserved 1048576K
GC Heap History (10 events):
Event: 0.576 GC heap before
{Heap before GC invocations=0 (full 0):
 garbage-first heap   total 251904K, used 20480K [0x000000070a000000, 0x0000000800000000)
  region size 2048K, 11 young (22528K), 0 survivors (0K)
 Metaspace       used 7586K, committed 7744K, reserved 1114112K
  class space    used 630K, committed 704K, reserved 1048576K
}
Event: 0.579 GC heap after
{Heap after GC invocations=1 (full 0):
 garbage-first heap   total 251904K, used 3050K [0x000000070a000000, 0x0000000800000000)
  region size 2048K, 2 young (4096K), 2 survivors (4096K)
 Metaspace       used 7586K, committed 7744K, reserved 1114112K
  class space    used 630K, committed 704K, reserved 1048576K
}
Event: 1.523 GC heap before
{Heap before GC invocations=1 (full 0):
 garbage-first heap   total 251904K, used 39914K [0x000000070a000000, 0x0000000800000000)
  region size 2048K, 20 young (40960K), 2 survivors (4096K)
 Metaspace       used 19391K, committed 19584K, reserved 1114112K
  class space    used 1997K, committed 2112K, reserved 1048576K
}
Event: 1.527 GC heap after
{Heap after GC invocations=2 (full 0):
 garbage-first heap   total 251904K, used 4663K [0x000000070a000000, 0x0000000800000000)
  region size 2048K, 3 young (6144K), 3 survivors (6144K)
 Metaspace       used 19391K, committed 19584K, reserved 1114112K
  class space    used 1997K, committed 2112K, reserved 1048576K
}
Event: 1.736 GC heap before
{Heap before GC invocations=2 (full 0):
 garbage-first heap   total 251904K, used 12855K [0x000000070a000000, 0x0000000800000000)
  region size 2048K, 8 young (16384K), 3 survivors (6144K)
 Metaspace       used 21381K, committed 21504K, reserved 1114112K
  class space    used 2228K, committed 2304K, reserved 1048576K
}
Event: 1.740 GC heap after
{Heap after GC invocations=3 (full 0):
 garbage-first heap   total 251904K, used 5173K [0x000000070a000000, 0x0000000800000000)
  region size 2048K, 3 young (6144K), 3 survivors (6144K)
 Metaspace       used 21381K, committed 21504K, reserved 1114112K
  class space    used 2228K, committed 2304K, reserved 1048576K
}
Event: 7.162 GC heap before
{Heap before GC invocations=4 (full 0):
 garbage-first heap   total 28672K, used 17461K [0x000000070a000000, 0x0000000800000000)
  region size 2048K, 10 young (20480K), 3 survivors (6144K)
 Metaspace       used 24651K, committed 24832K, reserved 1114112K
  class space    used 2530K, committed 2624K, reserved 1048576K
}
Event: 7.171 GC heap after
{Heap after GC invocations=5 (full 0):
 garbage-first heap   total 28672K, used 5551K [0x000000070a000000, 0x0000000800000000)
  region size 2048K, 3 young (6144K), 3 survivors (6144K)
 Metaspace       used 24651K, committed 24832K, reserved 1114112K
  class space    used 2530K, committed 2624K, reserved 1048576K
}
Event: 20.409 GC heap before
{Heap before GC invocations=5 (full 0):
 garbage-first heap   total 28672K, used 15791K [0x000000070a000000, 0x0000000800000000)
  region size 2048K, 8 young (16384K), 3 survivors (6144K)
 Metaspace       used 25900K, committed 26112K, reserved 1114112K
  class space    used 2555K, committed 2624K, reserved 1048576K
}
Event: 20.419 GC heap after
{Heap after GC invocations=6 (full 0):
 garbage-first heap   total 28672K, used 5825K [0x000000070a000000, 0x0000000800000000)
  region size 2048K, 1 young (2048K), 1 survivors (2048K)
 Metaspace       used 25900K, committed 26112K, reserved 1114112K
  class space    used 2555K, committed 2624K, reserved 1048576K
}

