# JRE version: OpenJDK Runtime Environment Corretto-17.0.9.8.1 (17.0.9+8) (build 17.0.9+8-LTS)
# Java VM: OpenJDK 64-Bit Server VM Corretto-17.0.9.8.1 (17.0.9+8-LTS, mixed mode, sharing, tiered, compressed oops, compressed class ptrs, g1 gc, windows-amd64)
GC Precious Log:
 CPUs: 12 total, 12 available
 Memory: 15741M
 Large Page Support: Disabled
 NUMA Support: Disabled
 Compressed Oops: Enabled (32-bit)
 Heap Region Size: 1M
 Heap Min Capacity: 8M
 Heap Initial Capacity: 246M
 Heap Max Capacity: 2G
 Pre-touch: Disabled
 Parallel Workers: 10
 Concurrent Workers: 3
 Concurrent Refinement Workers: 10
 Periodic GC: Disabled
Heap:
 garbage-first heap   total 193536K, used 150691K [0x0000000080000000, 0x0000000100000000)
  region size 1024K, 61 young (62464K), 8 survivors (8192K)
 Metaspace       used 83095K, committed 83712K, reserved 1179648K
  class space    used 11096K, committed 11392K, reserved 1048576K
GC Heap History (20 events):
Event: 7.557 GC heap before
{Heap before GC invocations=15 (full 0):
 garbage-first heap   total 109568K, used 86649K [0x0000000080000000, 0x0000000100000000)
  region size 1024K, 21 young (21504K), 1 survivors (1024K)
 Metaspace       used 42699K, committed 43264K, reserved 1114112K
  class space    used 5944K, committed 6208K, reserved 1048576K
}
Event: 7.559 GC heap after
{Heap after GC invocations=16 (full 0):
 garbage-first heap   total 109568K, used 66788K [0x0000000080000000, 0x0000000100000000)
  region size 1024K, 1 young (1024K), 1 survivors (1024K)
 Metaspace       used 42699K, committed 43264K, reserved 1114112K
  class space    used 5944K, committed 6208K, reserved 1048576K
}
Event: 7.893 GC heap before
{Heap before GC invocations=17 (full 0):
 garbage-first heap   total 116736K, used 88292K [0x0000000080000000, 0x0000000100000000)
  region size 1024K, 22 young (22528K), 1 survivors (1024K)
 Metaspace       used 46532K, committed 47104K, reserved 1114112K
  class space    used 6890K, committed 7168K, reserved 1048576K
}
Event: 7.895 GC heap after
{Heap after GC invocations=18 (full 0):
 garbage-first heap   total 116736K, used 67317K [0x0000000080000000, 0x0000000100000000)
  region size 1024K, 2 young (2048K), 2 survivors (2048K)
 Metaspace       used 46532K, committed 47104K, reserved 1114112K
  class space    used 6890K, committed 7168K, reserved 1048576K
}
Event: 7.934 GC heap before
{Heap before GC invocations=18 (full 0):
 garbage-first heap   total 116736K, used 70389K [0x0000000080000000, 0x0000000100000000)
  region size 1024K, 5 young (5120K), 2 survivors (2048K)
 Metaspace       used 46811K, committed 47360K, reserved 1114112K
  class space    used 6936K, committed 7232K, reserved 1048576K
}
Event: 7.937 GC heap after
{Heap after GC invocations=19 (full 0):
 garbage-first heap   total 116736K, used 66891K [0x0000000080000000, 0x0000000100000000)
  region size 1024K, 1 young (1024K), 1 survivors (1024K)
 Metaspace       used 46811K, committed 47360K, reserved 1114112K
  class space    used 6936K, committed 7232K, reserved 1048576K
}
Event: 8.276 GC heap before
{Heap before GC invocations=19 (full 0):
 garbage-first heap   total 116736K, used 91467K [0x0000000080000000, 0x0000000100000000)
  region size 1024K, 26 young (26624K), 1 survivors (1024K)
 Metaspace       used 49640K, committed 50304K, reserved 1114112K
  class space    used 7303K, committed 7616K, reserved 1048576K
}
Event: 8.279 GC heap after
{Heap after GC invocations=20 (full 0):
 garbage-first heap   total 116736K, used 67424K [0x0000000080000000, 0x0000000100000000)
  region size 1024K, 1 young (1024K), 1 survivors (1024K)
 Metaspace       used 49640K, committed 50304K, reserved 1114112K
  class space    used 7303K, committed 7616K, reserved 1048576K
}
Event: 8.643 GC heap before
{Heap before GC invocations=21 (full 0):
 garbage-first heap   total 117760K, used 94048K [0x0000000080000000, 0x0000000100000000)
  region size 1024K, 27 young (27648K), 1 survivors (1024K)
 Metaspace       used 53193K, committed 53824K, reserved 1114112K
  class space    used 7768K, committed 8064K, reserved 1048576K
}
Event: 8.645 GC heap after
{Heap after GC invocations=22 (full 0):
 garbage-first heap   total 193536K, used 68099K [0x0000000080000000, 0x0000000100000000)
  region size 1024K, 2 young (2048K), 2 survivors (2048K)
 Metaspace       used 53193K, committed 53824K, reserved 1114112K
  class space    used 7768K, committed 8064K, reserved 1048576K
}
Event: 8.740 GC heap before
{Heap before GC invocations=22 (full 0):
 garbage-first heap   total 193536K, used 75267K [0x0000000080000000, 0x0000000100000000)
  region size 1024K, 9 young (9216K), 2 survivors (2048K)
 Metaspace       used 54172K, committed 54784K, reserved 1114112K
  class space    used 7873K, committed 8192K, reserved 1048576K
}
Event: 8.743 GC heap after
{Heap after GC invocations=23 (full 0):
 garbage-first heap   total 193536K, used 67725K [0x0000000080000000, 0x0000000100000000)
  region size 1024K, 1 young (1024K), 1 survivors (1024K)
 Metaspace       used 54172K, committed 54784K, reserved 1114112K
  class space    used 7873K, committed 8192K, reserved 1048576K
}
Event: 9.408 GC heap before
{Heap before GC invocations=23 (full 0):
 garbage-first heap   total 193536K, used 152717K [0x0000000080000000, 0x0000000100000000)
  region size 1024K, 77 young (78848K), 1 survivors (1024K)
 Metaspace       used 60252K, committed 60864K, reserved 1114112K
  class space    used 8617K, committed 8896K, reserved 1048576K
}
Event: 9.417 GC heap after
{Heap after GC invocations=24 (full 0):
 garbage-first heap   total 193536K, used 78540K [0x0000000080000000, 0x0000000100000000)
  region size 1024K, 10 young (10240K), 10 survivors (10240K)
 Metaspace       used 60252K, committed 60864K, reserved 1114112K
  class space    used 8617K, committed 8896K, reserved 1048576K
}
Event: 10.293 GC heap before
{Heap before GC invocations=24 (full 0):
 garbage-first heap   total 193536K, used 153292K [0x0000000080000000, 0x0000000100000000)
  region size 1024K, 76 young (77824K), 10 survivors (10240K)
 Metaspace       used 68038K, committed 68736K, reserved 1114112K
  class space    used 9409K, committed 9728K, reserved 1048576K
}
Event: 10.300 GC heap after
{Heap after GC invocations=25 (full 0):
 garbage-first heap   total 193536K, used 90979K [0x0000000080000000, 0x0000000100000000)
  region size 1024K, 5 young (5120K), 5 survivors (5120K)
 Metaspace       used 68038K, committed 68736K, reserved 1114112K
  class space    used 9409K, committed 9728K, reserved 1048576K
}
Event: 11.054 GC heap before
{Heap before GC invocations=25 (full 0):
 garbage-first heap   total 193536K, used 151395K [0x0000000080000000, 0x0000000100000000)
  region size 1024K, 64 young (65536K), 5 survivors (5120K)
 Metaspace       used 75028K, committed 75648K, reserved 1114112K
  class space    used 10177K, committed 10496K, reserved 1048576K
}
Event: 11.059 GC heap after
{Heap after GC invocations=26 (full 0):
 garbage-first heap   total 193536K, used 93837K [0x0000000080000000, 0x0000000100000000)
  region size 1024K, 8 young (8192K), 8 survivors (8192K)
 Metaspace       used 75028K, committed 75648K, reserved 1114112K
  class space    used 10177K, committed 10496K, reserved 1048576K
}
Event: 11.695 GC heap before
{Heap before GC invocations=26 (full 0):
 garbage-first heap   total 193536K, used 155277K [0x0000000080000000, 0x0000000100000000)
  region size 1024K, 67 young (68608K), 8 survivors (8192K)
 Metaspace       used 79407K, committed 80064K, reserved 1179648K
  class space    used 10714K, committed 11008K, reserved 1048576K
}
Event: 11.702 GC heap after
{Heap after GC invocations=27 (full 0):
 garbage-first heap   total 193536K, used 97443K [0x0000000080000000, 0x0000000100000000)
  region size 1024K, 8 young (8192K), 8 survivors (8192K)
 Metaspace       used 79407K, committed 80064K, reserved 1179648K
  class space    used 10714K, committed 11008K, reserved 1048576K
}

