# JRE version: OpenJDK Runtime Environment Corretto-17.0.9.8.1 (17.0.9+8) (build 17.0.9+8-LTS)
# Java VM: OpenJDK 64-Bit Server VM Corretto-17.0.9.8.1 (17.0.9+8-LTS, mixed mode, sharing, tiered, compressed oops, compressed class ptrs, g1 gc, windows-amd64)
GC Precious Log:
 CPUs: 12 total, 12 available
 Memory: 15741M
 Large Page Support: Disabled
 NUMA Support: Disabled
 Compressed Oops: Enabled (32-bit)
 Heap Region Size: 1M
 Heap Min Capacity: 8M
 Heap Initial Capacity: 246M
 Heap Max Capacity: 2G
 Pre-touch: Disabled
 Parallel Workers: 10
 Concurrent Workers: 3
 Concurrent Refinement Workers: 10
 Periodic GC: Disabled
Heap:
 garbage-first heap   total 342016K, used 213339K [0x0000000080000000, 0x0000000100000000)
  region size 1024K, 18 young (18432K), 7 survivors (7168K)
 Metaspace       used 130531K, committed 131392K, reserved 1179648K
  class space    used 17318K, committed 17728K, reserved 1048576K
GC Heap History (20 events):
Event: 18.122 GC heap before
{Heap before GC invocations=46 (full 0):
 garbage-first heap   total 331776K, used 240318K [0x0000000080000000, 0x0000000100000000)
  region size 1024K, 59 young (60416K), 2 survivors (2048K)
 Metaspace       used 128851K, committed 129600K, reserved 1179648K
  class space    used 17117K, committed 17472K, reserved 1048576K
}
Event: 18.127 GC heap after
{Heap after GC invocations=47 (full 0):
 garbage-first heap   total 331776K, used 186427K [0x0000000080000000, 0x0000000100000000)
  region size 1024K, 6 young (6144K), 6 survivors (6144K)
 Metaspace       used 128851K, committed 129600K, reserved 1179648K
  class space    used 17117K, committed 17472K, reserved 1048576K
}
Event: 18.919 GC heap before
{Heap before GC invocations=48 (full 0):
 garbage-first heap   total 331776K, used 244795K [0x0000000080000000, 0x0000000100000000)
  region size 1024K, 66 young (67584K), 6 survivors (6144K)
 Metaspace       used 130526K, committed 131392K, reserved 1179648K
  class space    used 17317K, committed 17728K, reserved 1048576K
}
Event: 18.927 GC heap after
{Heap after GC invocations=49 (full 0):
 garbage-first heap   total 331776K, used 190776K [0x0000000080000000, 0x0000000100000000)
  region size 1024K, 7 young (7168K), 7 survivors (7168K)
 Metaspace       used 130526K, committed 131392K, reserved 1179648K
  class space    used 17317K, committed 17728K, reserved 1048576K
}
Event: 18.987 GC heap before
{Heap before GC invocations=49 (full 0):
 garbage-first heap   total 331776K, used 198968K [0x0000000080000000, 0x0000000100000000)
  region size 1024K, 16 young (16384K), 7 survivors (7168K)
 Metaspace       used 130526K, committed 131392K, reserved 1179648K
  class space    used 17317K, committed 17728K, reserved 1048576K
}
Event: 18.990 GC heap after
{Heap after GC invocations=50 (full 0):
 garbage-first heap   total 331776K, used 187177K [0x0000000080000000, 0x0000000100000000)
  region size 1024K, 2 young (2048K), 2 survivors (2048K)
 Metaspace       used 130526K, committed 131392K, reserved 1179648K
  class space    used 17317K, committed 17728K, reserved 1048576K
}
Event: 19.448 GC heap before
{Heap before GC invocations=50 (full 0):
 garbage-first heap   total 331776K, used 252713K [0x0000000080000000, 0x0000000100000000)
  region size 1024K, 66 young (67584K), 2 survivors (2048K)
 Metaspace       used 130529K, committed 131392K, reserved 1179648K
  class space    used 17318K, committed 17728K, reserved 1048576K
}
Event: 19.453 GC heap after
{Heap after GC invocations=51 (full 0):
 garbage-first heap   total 331776K, used 191068K [0x0000000080000000, 0x0000000100000000)
  region size 1024K, 6 young (6144K), 6 survivors (6144K)
 Metaspace       used 130529K, committed 131392K, reserved 1179648K
  class space    used 17318K, committed 17728K, reserved 1048576K
}
Event: 20.206 GC heap before
{Heap before GC invocations=52 (full 0):
 garbage-first heap   total 331776K, used 258652K [0x0000000080000000, 0x0000000100000000)
  region size 1024K, 72 young (73728K), 6 survivors (6144K)
 Metaspace       used 130530K, committed 131392K, reserved 1179648K
  class space    used 17318K, committed 17728K, reserved 1048576K
}
Event: 20.211 GC heap after
{Heap after GC invocations=53 (full 0):
 garbage-first heap   total 331776K, used 194306K [0x0000000080000000, 0x0000000100000000)
  region size 1024K, 6 young (6144K), 6 survivors (6144K)
 Metaspace       used 130530K, committed 131392K, reserved 1179648K
  class space    used 17318K, committed 17728K, reserved 1048576K
}
Event: 20.324 GC heap before
{Heap before GC invocations=53 (full 0):
 garbage-first heap   total 331776K, used 204546K [0x0000000080000000, 0x0000000100000000)
  region size 1024K, 16 young (16384K), 6 survivors (6144K)
 Metaspace       used 130530K, committed 131392K, reserved 1179648K
  class space    used 17318K, committed 17728K, reserved 1048576K
}
Event: 20.329 GC heap after
{Heap after GC invocations=54 (full 0):
 garbage-first heap   total 331776K, used 191796K [0x0000000080000000, 0x0000000100000000)
  region size 1024K, 2 young (2048K), 2 survivors (2048K)
 Metaspace       used 130530K, committed 131392K, reserved 1179648K
  class space    used 17318K, committed 17728K, reserved 1048576K
}
Event: 20.868 GC heap before
{Heap before GC invocations=54 (full 0):
 garbage-first heap   total 331776K, used 260404K [0x0000000080000000, 0x0000000100000000)
  region size 1024K, 70 young (71680K), 2 survivors (2048K)
 Metaspace       used 130530K, committed 131392K, reserved 1179648K
  class space    used 17318K, committed 17728K, reserved 1048576K
}
Event: 20.873 GC heap after
{Heap after GC invocations=55 (full 0):
 garbage-first heap   total 331776K, used 196663K [0x0000000080000000, 0x0000000100000000)
  region size 1024K, 7 young (7168K), 7 survivors (7168K)
 Metaspace       used 130530K, committed 131392K, reserved 1179648K
  class space    used 17318K, committed 17728K, reserved 1048576K
}
Event: 21.560 GC heap before
{Heap before GC invocations=56 (full 0):
 garbage-first heap   total 342016K, used 265271K [0x0000000080000000, 0x0000000100000000)
  region size 1024K, 74 young (75776K), 7 survivors (7168K)
 Metaspace       used 130531K, committed 131392K, reserved 1179648K
  class space    used 17318K, committed 17728K, reserved 1048576K
}
Event: 21.566 GC heap after
{Heap after GC invocations=57 (full 0):
 garbage-first heap   total 342016K, used 200119K [0x0000000080000000, 0x0000000100000000)
  region size 1024K, 6 young (6144K), 6 survivors (6144K)
 Metaspace       used 130531K, committed 131392K, reserved 1179648K
  class space    used 17318K, committed 17728K, reserved 1048576K
}
Event: 21.611 GC heap before
{Heap before GC invocations=57 (full 0):
 garbage-first heap   total 342016K, used 210359K [0x0000000080000000, 0x0000000100000000)
  region size 1024K, 16 young (16384K), 6 survivors (6144K)
 Metaspace       used 130531K, committed 131392K, reserved 1179648K
  class space    used 17318K, committed 17728K, reserved 1048576K
}
Event: 21.618 GC heap after
{Heap after GC invocations=58 (full 0):
 garbage-first heap   total 342016K, used 198077K [0x0000000080000000, 0x0000000100000000)
  region size 1024K, 2 young (2048K), 2 survivors (2048K)
 Metaspace       used 130531K, committed 131392K, reserved 1179648K
  class space    used 17318K, committed 17728K, reserved 1048576K
}
Event: 22.047 GC heap before
{Heap before GC invocations=58 (full 0):
 garbage-first heap   total 342016K, used 275901K [0x0000000080000000, 0x0000000100000000)
  region size 1024K, 78 young (79872K), 2 survivors (2048K)
 Metaspace       used 130531K, committed 131392K, reserved 1179648K
  class space    used 17318K, committed 17728K, reserved 1048576K
}
Event: 22.052 GC heap after
{Heap after GC invocations=59 (full 0):
 garbage-first heap   total 342016K, used 203099K [0x0000000080000000, 0x0000000100000000)
  region size 1024K, 7 young (7168K), 7 survivors (7168K)
 Metaspace       used 130531K, committed 131392K, reserved 1179648K
  class space    used 17318K, committed 17728K, reserved 1048576K
}

