# JRE version: OpenJDK Runtime Environment Corretto-17.0.9.8.1 (17.0.9+8) (build 17.0.9+8-LTS)
# Java VM: OpenJDK 64-Bit Server VM Corretto-17.0.9.8.1 (17.0.9+8-LTS, mixed mode, sharing, tiered, compressed oops, compressed class ptrs, g1 gc, windows-amd64)
GC Precious Log:
 CPUs: 12 total, 12 available
 Memory: 15741M
 Large Page Support: Disabled
 NUMA Support: Disabled
 Compressed Oops: Enabled (32-bit)
 Heap Region Size: 1M
 Heap Min Capacity: 8M
 Heap Initial Capacity: 246M
 Heap Max Capacity: 2G
 Pre-touch: Disabled
 Parallel Workers: 10
 Concurrent Workers: 3
 Concurrent Refinement Workers: 10
 Periodic GC: Disabled
Heap:
 garbage-first heap   total 358400K, used 192742K [0x0000000080000000, 0x0000000100000000)
  region size 1024K, 48 young (49152K), 2 survivors (2048K)
 Metaspace       used 125277K, committed 126208K, reserved 1179648K
  class space    used 16708K, committed 17152K, reserved 1048576K
GC Heap History (20 events):
Event: 262.948 GC heap before
{Heap before GC invocations=31 (full 0):
 garbage-first heap   total 176128K, used 110021K [0x0000000080000000, 0x0000000100000000)
  region size 1024K, 8 young (8192K), 2 survivors (2048K)
 Metaspace       used 73941K, committed 74688K, reserved 1114112K
  class space    used 11010K, committed 11392K, reserved 1048576K
}
Event: 262.951 GC heap after
{Heap after GC invocations=32 (full 0):
 garbage-first heap   total 176128K, used 102541K [0x0000000080000000, 0x0000000100000000)
  region size 1024K, 1 young (1024K), 1 survivors (1024K)
 Metaspace       used 73941K, committed 74688K, reserved 1114112K
  class space    used 11010K, committed 11392K, reserved 1048576K
}
Event: 263.391 GC heap before
{Heap before GC invocations=32 (full 0):
 garbage-first heap   total 176128K, used 144525K [0x0000000080000000, 0x0000000100000000)
  region size 1024K, 42 young (43008K), 1 survivors (1024K)
 Metaspace       used 79761K, committed 80576K, reserved 1179648K
  class space    used 11725K, committed 12096K, reserved 1048576K
}
Event: 263.394 GC heap after
{Heap after GC invocations=33 (full 0):
 garbage-first heap   total 176128K, used 103444K [0x0000000080000000, 0x0000000100000000)
  region size 1024K, 2 young (2048K), 2 survivors (2048K)
 Metaspace       used 79761K, committed 80576K, reserved 1179648K
  class space    used 11725K, committed 12096K, reserved 1048576K
}
Event: 263.749 GC heap before
{Heap before GC invocations=34 (full 0):
 garbage-first heap   total 179200K, used 153620K [0x0000000080000000, 0x0000000100000000)
  region size 1024K, 44 young (45056K), 2 survivors (2048K)
 Metaspace       used 83059K, committed 83904K, reserved 1179648K
  class space    used 12167K, committed 12544K, reserved 1048576K
}
Event: 263.755 GC heap after
{Heap after GC invocations=35 (full 0):
 garbage-first heap   total 179200K, used 116802K [0x0000000080000000, 0x0000000100000000)
  region size 1024K, 6 young (6144K), 6 survivors (6144K)
 Metaspace       used 83059K, committed 83904K, reserved 1179648K
  class space    used 12167K, committed 12544K, reserved 1048576K
}
Event: 263.768 GC heap before
{Heap before GC invocations=35 (full 0):
 garbage-first heap   total 179200K, used 118850K [0x0000000080000000, 0x0000000100000000)
  region size 1024K, 8 young (8192K), 6 survivors (6144K)
 Metaspace       used 83171K, committed 84032K, reserved 1179648K
  class space    used 12171K, committed 12544K, reserved 1048576K
}
Event: 263.775 GC heap after
{Heap after GC invocations=36 (full 0):
 garbage-first heap   total 358400K, used 117024K [0x0000000080000000, 0x0000000100000000)
  region size 1024K, 1 young (1024K), 1 survivors (1024K)
 Metaspace       used 83171K, committed 84032K, reserved 1179648K
  class space    used 12171K, committed 12544K, reserved 1048576K
}
Event: 264.236 GC heap before
{Heap before GC invocations=36 (full 0):
 garbage-first heap   total 358400K, used 163104K [0x0000000080000000, 0x0000000100000000)
  region size 1024K, 47 young (48128K), 1 survivors (1024K)
 Metaspace       used 87238K, committed 88064K, reserved 1179648K
  class space    used 12641K, committed 13056K, reserved 1048576K
}
Event: 264.247 GC heap after
{Heap after GC invocations=37 (full 0):
 garbage-first heap   total 358400K, used 116761K [0x0000000080000000, 0x0000000100000000)
  region size 1024K, 8 young (8192K), 8 survivors (8192K)
 Metaspace       used 87238K, committed 88064K, reserved 1179648K
  class space    used 12641K, committed 13056K, reserved 1048576K
}
Event: 265.558 GC heap before
{Heap before GC invocations=38 (full 0):
 garbage-first heap   total 358400K, used 250905K [0x0000000080000000, 0x0000000100000000)
  region size 1024K, 131 young (134144K), 8 survivors (8192K)
 Metaspace       used 101079K, committed 101888K, reserved 1179648K
  class space    used 14159K, committed 14528K, reserved 1048576K
}
Event: 265.566 GC heap after
{Heap after GC invocations=39 (full 0):
 garbage-first heap   total 358400K, used 130690K [0x0000000080000000, 0x0000000100000000)
  region size 1024K, 15 young (15360K), 15 survivors (15360K)
 Metaspace       used 101079K, committed 101888K, reserved 1179648K
  class space    used 14159K, committed 14528K, reserved 1048576K
}
Event: 265.569 GC heap before
{Heap before GC invocations=39 (full 0):
 garbage-first heap   total 358400K, used 132738K [0x0000000080000000, 0x0000000100000000)
  region size 1024K, 17 young (17408K), 15 survivors (15360K)
 Metaspace       used 101087K, committed 101888K, reserved 1179648K
  class space    used 14159K, committed 14528K, reserved 1048576K
}
Event: 265.576 GC heap after
{Heap after GC invocations=40 (full 0):
 garbage-first heap   total 358400K, used 131161K [0x0000000080000000, 0x0000000100000000)
  region size 1024K, 2 young (2048K), 2 survivors (2048K)
 Metaspace       used 101087K, committed 101888K, reserved 1179648K
  class space    used 14159K, committed 14528K, reserved 1048576K
}
Event: 267.029 GC heap before
{Heap before GC invocations=40 (full 0):
 garbage-first heap   total 358400K, used 257113K [0x0000000080000000, 0x0000000100000000)
  region size 1024K, 125 young (128000K), 2 survivors (2048K)
 Metaspace       used 110728K, committed 111616K, reserved 1179648K
  class space    used 15172K, committed 15616K, reserved 1048576K
}
Event: 267.036 GC heap after
{Heap after GC invocations=41 (full 0):
 garbage-first heap   total 358400K, used 139924K [0x0000000080000000, 0x0000000100000000)
  region size 1024K, 11 young (11264K), 11 survivors (11264K)
 Metaspace       used 110728K, committed 111616K, reserved 1179648K
  class space    used 15172K, committed 15616K, reserved 1048576K
}
Event: 268.219 GC heap before
{Heap before GC invocations=42 (full 0):
 garbage-first heap   total 358400K, used 265876K [0x0000000080000000, 0x0000000100000000)
  region size 1024K, 133 young (136192K), 11 survivors (11264K)
 Metaspace       used 124048K, committed 124992K, reserved 1179648K
  class space    used 16556K, committed 17024K, reserved 1048576K
}
Event: 268.226 GC heap after
{Heap after GC invocations=43 (full 0):
 garbage-first heap   total 358400K, used 145959K [0x0000000080000000, 0x0000000100000000)
  region size 1024K, 6 young (6144K), 6 survivors (6144K)
 Metaspace       used 124048K, committed 124992K, reserved 1179648K
  class space    used 16556K, committed 17024K, reserved 1048576K
}
Event: 268.273 GC heap before
{Heap before GC invocations=43 (full 0):
 garbage-first heap   total 358400K, used 157223K [0x0000000080000000, 0x0000000100000000)
  region size 1024K, 17 young (17408K), 6 survivors (6144K)
 Metaspace       used 124104K, committed 124992K, reserved 1179648K
  class space    used 16556K, committed 17024K, reserved 1048576K
}
Event: 268.276 GC heap after
{Heap after GC invocations=44 (full 0):
 garbage-first heap   total 358400K, used 146662K [0x0000000080000000, 0x0000000100000000)
  region size 1024K, 2 young (2048K), 2 survivors (2048K)
 Metaspace       used 124104K, committed 124992K, reserved 1179648K
  class space    used 16556K, committed 17024K, reserved 1048576K
}

