# JRE version: OpenJDK Runtime Environment Corretto-17.0.9.8.1 (17.0.9+8) (build 17.0.9+8-LTS)
# Java VM: OpenJDK 64-Bit Server VM Corretto-17.0.9.8.1 (17.0.9+8-LTS, mixed mode, sharing, tiered, compressed oops, compressed class ptrs, g1 gc, windows-amd64)
GC Precious Log:
 CPUs: 12 total, 12 available
 Memory: 15741M
 Large Page Support: Disabled
 NUMA Support: Disabled
 Compressed Oops: Enabled (32-bit)
 Heap Region Size: 1M
 Heap Min Capacity: 8M
 Heap Initial Capacity: 246M
 Heap Max Capacity: 2G
 Pre-touch: Disabled
 Parallel Workers: 10
 Concurrent Workers: 3
 Concurrent Refinement Workers: 10
 Periodic GC: Disabled
Heap:
 garbage-first heap   total 145408K, used 102103K [0x0000000080000000, 0x0000000100000000)
  region size 1024K, 25 young (25600K), 5 survivors (5120K)
 Metaspace       used 57854K, committed 58496K, reserved 1114112K
  class space    used 8190K, committed 8512K, reserved 1048576K
GC Heap History (20 events):
Event: 4.944 GC heap before
{Heap before GC invocations=5 (full 0):
 garbage-first heap   total 81920K, used 72361K [0x0000000080000000, 0x0000000100000000)
  region size 1024K, 40 young (40960K), 1 survivors (1024K)
 Metaspace       used 25226K, committed 25664K, reserved 1114112K
  class space    used 3768K, committed 3968K, reserved 1048576K
}
Event: 4.948 GC heap after
{Heap after GC invocations=6 (full 0):
 garbage-first heap   total 81920K, used 38374K [0x0000000080000000, 0x0000000100000000)
  region size 1024K, 5 young (5120K), 5 survivors (5120K)
 Metaspace       used 25226K, committed 25664K, reserved 1114112K
  class space    used 3768K, committed 3968K, reserved 1048576K
}
Event: 4.972 GC heap before
{Heap before GC invocations=6 (full 0):
 garbage-first heap   total 81920K, used 39398K [0x0000000080000000, 0x0000000100000000)
  region size 1024K, 6 young (6144K), 5 survivors (5120K)
 Metaspace       used 25323K, committed 25728K, reserved 1114112K
  class space    used 3788K, committed 3968K, reserved 1048576K
}
Event: 4.979 GC heap after
{Heap after GC invocations=7 (full 0):
 garbage-first heap   total 81920K, used 37956K [0x0000000080000000, 0x0000000100000000)
  region size 1024K, 1 young (1024K), 1 survivors (1024K)
 Metaspace       used 25323K, committed 25728K, reserved 1114112K
  class space    used 3788K, committed 3968K, reserved 1048576K
}
Event: 5.409 GC heap before
{Heap before GC invocations=7 (full 0):
 garbage-first heap   total 81920K, used 62532K [0x0000000080000000, 0x0000000100000000)
  region size 1024K, 26 young (26624K), 1 survivors (1024K)
 Metaspace       used 28845K, committed 29248K, reserved 1114112K
  class space    used 4340K, committed 4544K, reserved 1048576K
}
Event: 5.412 GC heap after
{Heap after GC invocations=8 (full 0):
 garbage-first heap   total 81920K, used 38855K [0x0000000080000000, 0x0000000100000000)
  region size 1024K, 2 young (2048K), 2 survivors (2048K)
 Metaspace       used 28845K, committed 29248K, reserved 1114112K
  class space    used 4340K, committed 4544K, reserved 1048576K
}
Event: 5.773 GC heap before
{Heap before GC invocations=9 (full 0):
 garbage-first heap   total 81920K, used 63431K [0x0000000080000000, 0x0000000100000000)
  region size 1024K, 27 young (27648K), 2 survivors (2048K)
 Metaspace       used 33969K, committed 34368K, reserved 1114112K
  class space    used 4868K, committed 5056K, reserved 1048576K
}
Event: 5.777 GC heap after
{Heap after GC invocations=10 (full 0):
 garbage-first heap   total 81920K, used 42367K [0x0000000080000000, 0x0000000100000000)
  region size 1024K, 4 young (4096K), 4 survivors (4096K)
 Metaspace       used 33969K, committed 34368K, reserved 1114112K
  class space    used 4868K, committed 5056K, reserved 1048576K
}
Event: 5.782 GC heap before
{Heap before GC invocations=10 (full 0):
 garbage-first heap   total 81920K, used 43391K [0x0000000080000000, 0x0000000100000000)
  region size 1024K, 5 young (5120K), 4 survivors (4096K)
 Metaspace       used 33996K, committed 34432K, reserved 1114112K
  class space    used 4868K, committed 5056K, reserved 1048576K
}
Event: 5.787 GC heap after
{Heap after GC invocations=11 (full 0):
 garbage-first heap   total 143360K, used 42499K [0x0000000080000000, 0x0000000100000000)
  region size 1024K, 1 young (1024K), 1 survivors (1024K)
 Metaspace       used 33996K, committed 34432K, reserved 1114112K
  class space    used 4868K, committed 5056K, reserved 1048576K
}
Event: 6.586 GC heap before
{Heap before GC invocations=11 (full 0):
 garbage-first heap   total 143360K, used 112131K [0x0000000080000000, 0x0000000100000000)
  region size 1024K, 65 young (66560K), 1 survivors (1024K)
 Metaspace       used 39419K, committed 40000K, reserved 1114112K
  class space    used 5585K, committed 5888K, reserved 1048576K
}
Event: 6.591 GC heap after
{Heap after GC invocations=12 (full 0):
 garbage-first heap   total 143360K, used 48575K [0x0000000080000000, 0x0000000100000000)
  region size 1024K, 7 young (7168K), 7 survivors (7168K)
 Metaspace       used 39419K, committed 40000K, reserved 1114112K
  class space    used 5585K, committed 5888K, reserved 1048576K
}
Event: 7.298 GC heap before
{Heap before GC invocations=12 (full 0):
 garbage-first heap   total 143360K, used 122303K [0x0000000080000000, 0x0000000100000000)
  region size 1024K, 66 young (67584K), 7 survivors (7168K)
 Metaspace       used 44251K, committed 44800K, reserved 1114112K
  class space    used 6211K, committed 6464K, reserved 1048576K
}
Event: 7.303 GC heap after
{Heap after GC invocations=13 (full 0):
 garbage-first heap   total 143360K, used 66988K [0x0000000080000000, 0x0000000100000000)
  region size 1024K, 6 young (6144K), 6 survivors (6144K)
 Metaspace       used 44251K, committed 44800K, reserved 1114112K
  class space    used 6211K, committed 6464K, reserved 1048576K
}
Event: 7.935 GC heap before
{Heap before GC invocations=13 (full 0):
 garbage-first heap   total 143360K, used 114092K [0x0000000080000000, 0x0000000100000000)
  region size 1024K, 51 young (52224K), 6 survivors (6144K)
 Metaspace       used 47723K, committed 48384K, reserved 1114112K
  class space    used 6761K, committed 7040K, reserved 1048576K
}
Event: 7.940 GC heap after
{Heap after GC invocations=14 (full 0):
 garbage-first heap   total 143360K, used 73114K [0x0000000080000000, 0x0000000100000000)
  region size 1024K, 4 young (4096K), 4 survivors (4096K)
 Metaspace       used 47723K, committed 48384K, reserved 1114112K
  class space    used 6761K, committed 7040K, reserved 1048576K
}
Event: 8.333 GC heap before
{Heap before GC invocations=15 (full 0):
 garbage-first heap   total 143360K, used 121242K [0x0000000080000000, 0x0000000100000000)
  region size 1024K, 46 young (47104K), 4 survivors (4096K)
 Metaspace       used 52006K, committed 52672K, reserved 1114112K
  class space    used 7368K, committed 7680K, reserved 1048576K
}
Event: 8.337 GC heap after
{Heap after GC invocations=16 (full 0):
 garbage-first heap   total 143360K, used 81373K [0x0000000080000000, 0x0000000100000000)
  region size 1024K, 4 young (4096K), 4 survivors (4096K)
 Metaspace       used 52006K, committed 52672K, reserved 1114112K
  class space    used 7368K, committed 7680K, reserved 1048576K
}
Event: 8.714 GC heap before
{Heap before GC invocations=16 (full 0):
 garbage-first heap   total 143360K, used 118237K [0x0000000080000000, 0x0000000100000000)
  region size 1024K, 40 young (40960K), 4 survivors (4096K)
 Metaspace       used 55863K, committed 56576K, reserved 1114112K
  class space    used 7860K, committed 8192K, reserved 1048576K
}
Event: 8.717 GC heap after
{Heap after GC invocations=17 (full 0):
 garbage-first heap   total 143360K, used 82647K [0x0000000080000000, 0x0000000100000000)
  region size 1024K, 5 young (5120K), 5 survivors (5120K)
 Metaspace       used 55863K, committed 56576K, reserved 1114112K
  class space    used 7860K, committed 8192K, reserved 1048576K
}

