# JRE version: OpenJDK Runtime Environment Corretto-17.0.9.8.1 (17.0.9+8) (build 17.0.9+8-LTS)
# Java VM: OpenJDK 64-Bit Server VM Corretto-17.0.9.8.1 (17.0.9+8-LTS, mixed mode, sharing, tiered, compressed oops, compressed class ptrs, g1 gc, windows-amd64)
GC Precious Log:
 CPUs: 12 total, 12 available
 Memory: 15741M
 Large Page Support: Disabled
 NUMA Support: Disabled
 Compressed Oops: Enabled (32-bit)
 Heap Region Size: 1M
 Heap Min Capacity: 8M
 Heap Initial Capacity: 246M
 Heap Max Capacity: 2G
 Pre-touch: Disabled
 Parallel Workers: 10
 Concurrent Workers: 3
 Concurrent Refinement Workers: 10
 Periodic GC: Disabled
Heap:
 garbage-first heap   total 251904K, used 113336K [0x0000000080000000, 0x0000000100000000)
  region size 1024K, 5 young (5120K), 5 survivors (5120K)
 Metaspace       used 79253K, committed 80064K, reserved 1179648K
  class space    used 11457K, committed 11840K, reserved 1048576K
GC Heap History (20 events):
Event: 9.312 GC heap after
{Heap after GC invocations=17 (full 0):
 garbage-first heap   total 137216K, used 71731K [0x0000000080000000, 0x0000000100000000)
  region size 1024K, 4 young (4096K), 4 survivors (4096K)
 Metaspace       used 52613K, committed 53312K, reserved 1114112K
  class space    used 7865K, committed 8192K, reserved 1048576K
}
Event: 9.617 GC heap before
{Heap before GC invocations=18 (full 0):
 garbage-first heap   total 137216K, used 118835K [0x0000000080000000, 0x0000000100000000)
  region size 1024K, 43 young (44032K), 4 survivors (4096K)
 Metaspace       used 56671K, committed 57408K, reserved 1114112K
  class space    used 8435K, committed 8768K, reserved 1048576K
}
Event: 9.621 GC heap after
{Heap after GC invocations=19 (full 0):
 garbage-first heap   total 137216K, used 81482K [0x0000000080000000, 0x0000000100000000)
  region size 1024K, 5 young (5120K), 5 survivors (5120K)
 Metaspace       used 56671K, committed 57408K, reserved 1114112K
  class space    used 8435K, committed 8768K, reserved 1048576K
}
Event: 9.962 GC heap before
{Heap before GC invocations=19 (full 0):
 garbage-first heap   total 137216K, used 114250K [0x0000000080000000, 0x0000000100000000)
  region size 1024K, 37 young (37888K), 5 survivors (5120K)
 Metaspace       used 60181K, committed 60864K, reserved 1114112K
  class space    used 8897K, committed 9216K, reserved 1048576K
}
Event: 9.966 GC heap after
{Heap after GC invocations=20 (full 0):
 garbage-first heap   total 137216K, used 83675K [0x0000000080000000, 0x0000000100000000)
  region size 1024K, 5 young (5120K), 5 survivors (5120K)
 Metaspace       used 60181K, committed 60864K, reserved 1114112K
  class space    used 8897K, committed 9216K, reserved 1048576K
}
Event: 10.309 GC heap before
{Heap before GC invocations=21 (full 0):
 garbage-first heap   total 148480K, used 114395K [0x0000000080000000, 0x0000000100000000)
  region size 1024K, 35 young (35840K), 5 survivors (5120K)
 Metaspace       used 63072K, committed 63872K, reserved 1114112K
  class space    used 9360K, committed 9728K, reserved 1048576K
}
Event: 10.313 GC heap after
{Heap after GC invocations=22 (full 0):
 garbage-first heap   total 148480K, used 84652K [0x0000000080000000, 0x0000000100000000)
  region size 1024K, 4 young (4096K), 4 survivors (4096K)
 Metaspace       used 63072K, committed 63872K, reserved 1114112K
  class space    used 9360K, committed 9728K, reserved 1048576K
}
Event: 10.383 GC heap before
{Heap before GC invocations=22 (full 0):
 garbage-first heap   total 148480K, used 93868K [0x0000000080000000, 0x0000000100000000)
  region size 1024K, 14 young (14336K), 4 survivors (4096K)
 Metaspace       used 63731K, committed 64512K, reserved 1114112K
  class space    used 9480K, committed 9856K, reserved 1048576K
}
Event: 10.386 GC heap after
{Heap after GC invocations=23 (full 0):
 garbage-first heap   total 178176K, used 84937K [0x0000000080000000, 0x0000000100000000)
  region size 1024K, 4 young (4096K), 4 survivors (4096K)
 Metaspace       used 63731K, committed 64512K, reserved 1114112K
  class space    used 9480K, committed 9856K, reserved 1048576K
}
Event: 11.002 GC heap before
{Heap before GC invocations=24 (full 0):
 garbage-first heap   total 178176K, used 147401K [0x0000000080000000, 0x0000000100000000)
  region size 1024K, 63 young (64512K), 4 survivors (4096K)
 Metaspace       used 67704K, committed 68480K, reserved 1114112K
  class space    used 10034K, committed 10432K, reserved 1048576K
}
Event: 11.018 GC heap after
{Heap after GC invocations=25 (full 0):
 garbage-first heap   total 178176K, used 93148K [0x0000000080000000, 0x0000000100000000)
  region size 1024K, 8 young (8192K), 8 survivors (8192K)
 Metaspace       used 67704K, committed 68480K, reserved 1114112K
  class space    used 10034K, committed 10432K, reserved 1048576K
}
Event: 11.030 GC heap before
{Heap before GC invocations=25 (full 0):
 garbage-first heap   total 178176K, used 94172K [0x0000000080000000, 0x0000000100000000)
  region size 1024K, 9 young (9216K), 8 survivors (8192K)
 Metaspace       used 67815K, committed 68544K, reserved 1114112K
  class space    used 10062K, committed 10432K, reserved 1048576K
}
Event: 11.037 GC heap after
{Heap after GC invocations=26 (full 0):
 garbage-first heap   total 178176K, used 93196K [0x0000000080000000, 0x0000000100000000)
  region size 1024K, 1 young (1024K), 1 survivors (1024K)
 Metaspace       used 67815K, committed 68544K, reserved 1114112K
  class space    used 10062K, committed 10432K, reserved 1048576K
}
Event: 11.478 GC heap before
{Heap before GC invocations=26 (full 0):
 garbage-first heap   total 178176K, used 146444K [0x0000000080000000, 0x0000000100000000)
  region size 1024K, 53 young (54272K), 1 survivors (1024K)
 Metaspace       used 75268K, committed 76032K, reserved 1114112K
  class space    used 10986K, committed 11392K, reserved 1048576K
}
Event: 11.481 GC heap after
{Heap after GC invocations=27 (full 0):
 garbage-first heap   total 178176K, used 94078K [0x0000000080000000, 0x0000000100000000)
  region size 1024K, 2 young (2048K), 2 survivors (2048K)
 Metaspace       used 75268K, committed 76032K, reserved 1114112K
  class space    used 10986K, committed 11392K, reserved 1048576K
}
Event: 11.766 GC heap before
{Heap before GC invocations=28 (full 0):
 garbage-first heap   total 178176K, used 154494K [0x0000000080000000, 0x0000000100000000)
  region size 1024K, 54 young (55296K), 2 survivors (2048K)
 Metaspace       used 76657K, committed 77568K, reserved 1179648K
  class space    used 11144K, committed 11584K, reserved 1048576K
}
Event: 11.776 GC heap after
{Heap after GC invocations=29 (full 0):
 garbage-first heap   total 178176K, used 107470K [0x0000000080000000, 0x0000000100000000)
  region size 1024K, 7 young (7168K), 7 survivors (7168K)
 Metaspace       used 76657K, committed 77568K, reserved 1179648K
  class space    used 11144K, committed 11584K, reserved 1048576K
}
Event: 11.783 GC heap before
{Heap before GC invocations=29 (full 0):
 garbage-first heap   total 178176K, used 108494K [0x0000000080000000, 0x0000000100000000)
  region size 1024K, 8 young (8192K), 7 survivors (7168K)
 Metaspace       used 76657K, committed 77568K, reserved 1179648K
  class space    used 11144K, committed 11584K, reserved 1048576K
}
Event: 11.788 GC heap after
{Heap after GC invocations=30 (full 0):
 garbage-first heap   total 178176K, used 107627K [0x0000000080000000, 0x0000000100000000)
  region size 1024K, 1 young (1024K), 1 survivors (1024K)
 Metaspace       used 76657K, committed 77568K, reserved 1179648K
  class space    used 11144K, committed 11584K, reserved 1048576K
}
Event: 12.016 GC heap before
{Heap before GC invocations=30 (full 0):
 garbage-first heap   total 178176K, used 143467K [0x0000000080000000, 0x0000000100000000)
  region size 1024K, 36 young (36864K), 1 survivors (1024K)
 Metaspace       used 79253K, committed 80064K, reserved 1179648K
  class space    used 11457K, committed 11840K, reserved 1048576K
}

