# JRE version: OpenJDK Runtime Environment Corretto-17.0.9.8.1 (17.0.9+8) (build 17.0.9+8-LTS)
# Java VM: OpenJDK 64-Bit Server VM Corretto-17.0.9.8.1 (17.0.9+8-LTS, mixed mode, sharing, tiered, compressed oops, compressed class ptrs, g1 gc, windows-amd64)
GC Precious Log:
 CPUs: 12 total, 12 available
 Memory: 15741M
 Large Page Support: Disabled
 NUMA Support: Disabled
 Compressed Oops: Enabled (32-bit)
 Heap Region Size: 1M
 Heap Min Capacity: 8M
 Heap Initial Capacity: 246M
 Heap Max Capacity: 2G
 Pre-touch: Disabled
 Parallel Workers: 10
 Concurrent Workers: 3
 Concurrent Refinement Workers: 10
 Periodic GC: Disabled
Heap:
 garbage-first heap   total 206848K, used 138613K [0x0000000080000000, 0x0000000100000000)
  region size 1024K, 27 young (27648K), 2 survivors (2048K)
 Metaspace       used 103395K, committed 104064K, reserved 1179648K
  class space    used 13322K, committed 13696K, reserved 1048576K
GC Heap History (20 events):
Event: 9.401 GC heap before
{Heap before GC invocations=16 (full 0):
 garbage-first heap   total 172032K, used 142554K [0x0000000080000000, 0x0000000100000000)
  region size 1024K, 64 young (65536K), 9 survivors (9216K)
 Metaspace       used 69505K, committed 70144K, reserved 1114112K
  class space    used 9522K, committed 9792K, reserved 1048576K
}
Event: 9.415 GC heap after
{Heap after GC invocations=17 (full 0):
 garbage-first heap   total 172032K, used 91881K [0x0000000080000000, 0x0000000100000000)
  region size 1024K, 5 young (5120K), 5 survivors (5120K)
 Metaspace       used 69505K, committed 70144K, reserved 1114112K
  class space    used 9522K, committed 9792K, reserved 1048576K
}
Event: 9.916 GC heap before
{Heap before GC invocations=17 (full 0):
 garbage-first heap   total 172032K, used 140009K [0x0000000080000000, 0x0000000100000000)
  region size 1024K, 52 young (53248K), 5 survivors (5120K)
 Metaspace       used 74566K, committed 75136K, reserved 1114112K
  class space    used 10117K, committed 10368K, reserved 1048576K
}
Event: 9.921 GC heap after
{Heap after GC invocations=18 (full 0):
 garbage-first heap   total 172032K, used 94717K [0x0000000080000000, 0x0000000100000000)
  region size 1024K, 4 young (4096K), 4 survivors (4096K)
 Metaspace       used 74566K, committed 75136K, reserved 1114112K
  class space    used 10117K, committed 10368K, reserved 1048576K
}
Event: 10.259 GC heap before
{Heap before GC invocations=19 (full 0):
 garbage-first heap   total 172032K, used 140797K [0x0000000080000000, 0x0000000100000000)
  region size 1024K, 48 young (49152K), 4 survivors (4096K)
 Metaspace       used 78013K, committed 78592K, reserved 1179648K
  class space    used 10577K, committed 10816K, reserved 1048576K
}
Event: 10.264 GC heap after
{Heap after GC invocations=20 (full 0):
 garbage-first heap   total 172032K, used 96929K [0x0000000080000000, 0x0000000100000000)
  region size 1024K, 6 young (6144K), 6 survivors (6144K)
 Metaspace       used 78013K, committed 78592K, reserved 1179648K
  class space    used 10577K, committed 10816K, reserved 1048576K
}
Event: 10.277 GC heap before
{Heap before GC invocations=20 (full 0):
 garbage-first heap   total 172032K, used 98977K [0x0000000080000000, 0x0000000100000000)
  region size 1024K, 8 young (8192K), 6 survivors (6144K)
 Metaspace       used 78030K, committed 78656K, reserved 1179648K
  class space    used 10578K, committed 10816K, reserved 1048576K
}
Event: 10.281 GC heap after
{Heap after GC invocations=21 (full 0):
 garbage-first heap   total 206848K, used 96294K [0x0000000080000000, 0x0000000100000000)
  region size 1024K, 1 young (1024K), 1 survivors (1024K)
 Metaspace       used 78030K, committed 78656K, reserved 1179648K
  class space    used 10578K, committed 10816K, reserved 1048576K
}
Event: 11.189 GC heap before
{Heap before GC invocations=21 (full 0):
 garbage-first heap   total 206848K, used 167974K [0x0000000080000000, 0x0000000100000000)
  region size 1024K, 71 young (72704K), 1 survivors (1024K)
 Metaspace       used 83338K, committed 83968K, reserved 1179648K
  class space    used 11141K, committed 11456K, reserved 1048576K
}
Event: 11.193 GC heap after
{Heap after GC invocations=22 (full 0):
 garbage-first heap   total 206848K, used 101112K [0x0000000080000000, 0x0000000100000000)
  region size 1024K, 6 young (6144K), 6 survivors (6144K)
 Metaspace       used 83338K, committed 83968K, reserved 1179648K
  class space    used 11141K, committed 11456K, reserved 1048576K
}
Event: 11.921 GC heap before
{Heap before GC invocations=23 (full 0):
 garbage-first heap   total 206848K, used 167672K [0x0000000080000000, 0x0000000100000000)
  region size 1024K, 71 young (72704K), 6 survivors (6144K)
 Metaspace       used 90778K, committed 91456K, reserved 1179648K
  class space    used 12013K, committed 12352K, reserved 1048576K
}
Event: 11.928 GC heap after
{Heap after GC invocations=24 (full 0):
 garbage-first heap   total 206848K, used 104754K [0x0000000080000000, 0x0000000100000000)
  region size 1024K, 4 young (4096K), 4 survivors (4096K)
 Metaspace       used 90778K, committed 91456K, reserved 1179648K
  class space    used 12013K, committed 12352K, reserved 1048576K
}
Event: 11.976 GC heap before
{Heap before GC invocations=24 (full 0):
 garbage-first heap   total 206848K, used 109874K [0x0000000080000000, 0x0000000100000000)
  region size 1024K, 10 young (10240K), 4 survivors (4096K)
 Metaspace       used 91549K, committed 92224K, reserved 1179648K
  class space    used 12084K, committed 12416K, reserved 1048576K
}
Event: 11.980 GC heap after
{Heap after GC invocations=25 (full 0):
 garbage-first heap   total 206848K, used 104908K [0x0000000080000000, 0x0000000100000000)
  region size 1024K, 1 young (1024K), 1 survivors (1024K)
 Metaspace       used 91549K, committed 92224K, reserved 1179648K
  class space    used 12084K, committed 12416K, reserved 1048576K
}
Event: 12.709 GC heap before
{Heap before GC invocations=25 (full 0):
 garbage-first heap   total 206848K, used 170444K [0x0000000080000000, 0x0000000100000000)
  region size 1024K, 65 young (66560K), 1 survivors (1024K)
 Metaspace       used 101164K, committed 101888K, reserved 1179648K
  class space    used 13028K, committed 13376K, reserved 1048576K
}
Event: 12.712 GC heap after
{Heap after GC invocations=26 (full 0):
 garbage-first heap   total 206848K, used 106459K [0x0000000080000000, 0x0000000100000000)
  region size 1024K, 3 young (3072K), 3 survivors (3072K)
 Metaspace       used 101164K, committed 101888K, reserved 1179648K
  class space    used 13028K, committed 13376K, reserved 1048576K
}
Event: 13.018 GC heap before
{Heap before GC invocations=27 (full 0):
 garbage-first heap   total 206848K, used 171995K [0x0000000080000000, 0x0000000100000000)
  region size 1024K, 66 young (67584K), 3 survivors (3072K)
 Metaspace       used 101670K, committed 102336K, reserved 1179648K
  class space    used 13069K, committed 13376K, reserved 1048576K
}
Event: 13.022 GC heap after
{Heap after GC invocations=28 (full 0):
 garbage-first heap   total 206848K, used 113258K [0x0000000080000000, 0x0000000100000000)
  region size 1024K, 9 young (9216K), 9 survivors (9216K)
 Metaspace       used 101670K, committed 102336K, reserved 1179648K
  class space    used 13069K, committed 13376K, reserved 1048576K
}
Event: 13.030 GC heap before
{Heap before GC invocations=28 (full 0):
 garbage-first heap   total 206848K, used 114282K [0x0000000080000000, 0x0000000100000000)
  region size 1024K, 10 young (10240K), 9 survivors (9216K)
 Metaspace       used 101694K, committed 102336K, reserved 1179648K
  class space    used 13074K, committed 13376K, reserved 1048576K
}
Event: 13.034 GC heap after
{Heap after GC invocations=29 (full 0):
 garbage-first heap   total 206848K, used 114037K [0x0000000080000000, 0x0000000100000000)
  region size 1024K, 2 young (2048K), 2 survivors (2048K)
 Metaspace       used 101694K, committed 102336K, reserved 1179648K
  class space    used 13074K, committed 13376K, reserved 1048576K
}

